<?xml version="1.0" encoding="UTF-8"?>
<testsuite xmlns:xsi="http://www.w3.org/2001/XMLSchema-instance" xsi:noNamespaceSchemaLocation="https://maven.apache.org/surefire/maven-surefire-plugin/xsd/surefire-test-report-3.0.xsd" version="3.0" name="com.spark.movie.MovieApplicationTests" time="21.399" tests="1" errors="0" skipped="0" failures="0">
  <properties>
[...]
</properties>
  <testcase name="contextLoads" classname="com.spark.movie.MovieApplicationTests" time="0.571">
    <system-out><![CDATA[21:37:24.130 [main] INFO org.springframework.test.context.support.AnnotationConfigContextLoaderUtils -- Could not detect default configuration classes for test class [com.spark.movie.MovieApplicationTests]: MovieApplicationTests does not declare any static, non-private, non-final, nested classes annotated with @Configuration.
21:37:24.288 [main] INFO org.springframework.boot.test.context.SpringBootTestContextBootstrapper -- Found @SpringBootConfiguration com.spark.movie.MovieApplication for test class com.spark.movie.MovieApplicationTests

  .   ____          _            __ _ _
 /\\ / ___'_ __ _ _(_)_ __  __ _ \ \ \ \
( ( )\___ | '_ | '_| | '_ \/ _` | \ \ \ \
 \\/  ___)| |_)| | | | | || (_| |  ) ) ) )
  '  |____| .__|_| |_|_| |_\__, | / / / /
 =========|_|==============|___/=/_/_/_/

 :: Spring Boot ::                (v3.3.3)

2024-10-06T21:37:24.821+03:00  INFO 17352 --- [movie] [           main] com.spark.movie.MovieApplicationTests    : Starting MovieApplicationTests using Java 19.0.2 with PID 17352 (started by HP-4 in D:\Imad\Workspaces\movie)
2024-10-06T21:37:24.822+03:00  INFO 17352 --- [movie] [           main] com.spark.movie.MovieApplicationTests    : No active profile set, falling back to 1 default profile: "default"
2024-10-06T21:37:26.049+03:00  INFO 17352 --- [movie] [           main] .s.d.r.c.RepositoryConfigurationDelegate : Bootstrapping Spring Data JPA repositories in DEFAULT mode.
2024-10-06T21:37:26.223+03:00  INFO 17352 --- [movie] [           main] .s.d.r.c.RepositoryConfigurationDelegate : Finished Spring Data repository scanning in 166 ms. Found 4 JPA repository interfaces.
2024-10-06T21:37:27.152+03:00  INFO 17352 --- [movie] [           main] o.hibernate.jpa.internal.util.LogHelper  : HHH000204: Processing PersistenceUnitInfo [name: default]
2024-10-06T21:37:27.248+03:00  INFO 17352 --- [movie] [           main] org.hibernate.Version                    : HHH000412: Hibernate ORM core version 6.5.2.Final
2024-10-06T21:37:27.300+03:00  INFO 17352 --- [movie] [           main] o.h.c.internal.RegionFactoryInitiator    : HHH000026: Second-level cache disabled
2024-10-06T21:37:27.899+03:00  INFO 17352 --- [movie] [           main] o.s.o.j.p.SpringPersistenceUnitInfo      : No LoadTimeWeaver setup: ignoring JPA class transformer
2024-10-06T21:37:27.957+03:00  INFO 17352 --- [movie] [           main] com.zaxxer.hikari.HikariDataSource       : HikariPool-1 - Starting...
2024-10-06T21:37:31.013+03:00  INFO 17352 --- [movie] [           main] com.zaxxer.hikari.pool.HikariPool        : HikariPool-1 - Added connection com.mysql.cj.jdbc.ConnectionImpl@5560b64d
2024-10-06T21:37:31.017+03:00  INFO 17352 --- [movie] [           main] com.zaxxer.hikari.HikariDataSource       : HikariPool-1 - Start completed.
2024-10-06T21:37:31.547+03:00  WARN 17352 --- [movie] [           main] org.hibernate.dialect.Dialect            : HHH000511: The 5.5.62 version for [org.hibernate.dialect.MySQLDialect] is no longer supported, hence certain features may not work properly. The minimum supported version is 8.0.0. Check the community dialects project for available legacy versions.
2024-10-06T21:37:32.724+03:00  INFO 17352 --- [movie] [           main] o.h.e.t.j.p.i.JtaPlatformInitiator       : HHH000489: No JTA platform available (set 'hibernate.transaction.jta.platform' to enable JTA platform integration)
Hibernate: 
    alter table movies 
       modify column aka TEXT
Hibernate: 
    alter table movies 
       modify column genres TEXT
Hibernate: 
    alter table movies 
       modify column plotoutline TEXT
Hibernate: 
    alter table movies 
       modify column url TEXT
Hibernate: 
    alter table movies_images 
       modify column imagesource TEXT
Hibernate: 
    alter table movies_images 
       modify column url TEXT
2024-10-06T21:37:42.076+03:00  INFO 17352 --- [movie] [           main] j.LocalContainerEntityManagerFactoryBean : Initialized JPA EntityManagerFactory for persistence unit 'default'
2024-10-06T21:37:42.568+03:00  INFO 17352 --- [movie] [           main] o.s.d.j.r.query.QueryEnhancerFactory     : Hibernate is in classpath; If applicable, HQL parser will be used.
2024-10-06T21:37:43.945+03:00  WARN 17352 --- [movie] [           main] JpaBaseConfiguration$JpaWebConfiguration : spring.jpa.open-in-view is enabled by default. Therefore, database queries may be performed during view rendering. Explicitly configure spring.jpa.open-in-view to disable this warning
2024-10-06T21:37:44.644+03:00  INFO 17352 --- [movie] [           main] com.spark.movie.MovieApplicationTests    : Started MovieApplicationTests in 20.156 seconds (process running for 21.547)
]]></system-out>
  </testcase>
</testsuite>